<?xml version="1.0" encoding="UTF-8"?>
<testsuite name="FileServiceTest" tests="2" skipped="0" failures="0" errors="0" timestamp="2019-12-20T21:39:32" hostname="DESKTOP-46RJUTG" time="0.025">
  <properties/>
  <testcase name="checkIfTextExists" classname="FileServiceTest" time="0.011"/>
  <testcase name="checkIfPathIsUpdated" classname="FileServiceTest" time="0.013"/>
  <system-out><![CDATA[]]></system-out>
  <system-err><![CDATA[]]></system-err>
</testsuite>
